TN:
SF:src\components\atoms\AttendeesAvatar\AttendeesAvatar.jsx
FN:3,(anonymous_0)
FNF:1
FNH:1
FNDA:78,(anonymous_0)
DA:3,3
DA:4,78
DA:6,78
LF:3
LH:3
BRDA:3,0,0,78
BRDA:4,1,0,66
BRDA:4,1,1,12
BRDA:12,2,0,2
BRDA:12,2,1,76
BRF:5
BRH:5
end_of_record
TN:
SF:src\components\atoms\AttendeesAvatar\AttendeesAvatar.module.css
FNF:0
FNH:0
LF:0
LH:0
BRF:0
BRH:0
end_of_record
TN:
SF:src\components\atoms\AvatarUpload\AvatarUpload.jsx
FN:7,(anonymous_0)
FN:18,(anonymous_1)
FN:20,(anonymous_2)
FN:38,(anonymous_3)
FNF:4
FNH:4
FNDA:144,(anonymous_0)
FNDA:3,(anonymous_1)
FNDA:18,(anonymous_2)
FNDA:7,(anonymous_3)
DA:4,3
DA:5,3
DA:7,3
DA:16,144
DA:18,144
DA:20,144
DA:21,18
DA:22,18
DA:24,16
DA:25,3
DA:26,3
DA:27,3
DA:29,13
DA:30,1
DA:31,1
DA:32,1
DA:35,12
DA:38,144
DA:39,7
DA:40,7
DA:43,144
LF:21
LH:21
BRDA:9,0,0,144
BRDA:13,1,0,144
BRDA:14,2,0,144
BRDA:22,3,0,2
BRDA:22,3,1,16
BRDA:24,4,0,3
BRDA:24,4,1,13
BRDA:29,5,0,1
BRDA:29,5,1,12
BRDA:39,6,0,7
BRDA:39,6,1,0
BRDA:47,7,0,51
BRDA:47,7,1,93
BRDA:50,8,0,77
BRDA:50,8,1,67
BRDA:78,9,0,77
BRDA:78,9,1,67
BRDA:81,10,0,144
BRDA:81,10,1,77
BRDA:95,11,0,144
BRDA:95,11,1,2
BRF:21
BRH:20
end_of_record
TN:
SF:src\components\atoms\AvatarUpload\AvatarUpload.module.css
FNF:0
FNH:0
LF:0
LH:0
BRF:0
BRH:0
end_of_record
TN:
SF:src\components\atoms\Button\Button.jsx
FN:5,(anonymous_0)
FN:15,(anonymous_1)
FNF:2
FNH:2
FNDA:790,(anonymous_0)
FNDA:63,(anonymous_1)
DA:5,10
DA:13,790
DA:15,790
DA:16,63
DA:17,48
DA:18,15
DA:19,1
DA:22,790
LF:8
LH:8
BRDA:9,0,0,790
BRDA:16,1,0,48
BRDA:16,1,1,15
BRDA:18,2,0,1
BRDA:18,2,1,14
BRF:5
BRH:5
end_of_record
TN:
SF:src\components\atoms\Button\Button.module.css
FNF:0
FNH:0
LF:0
LH:0
BRF:0
BRH:0
end_of_record
TN:
SF:src\components\atoms\ButtonConnect\ButtonConnect.jsx
FN:5,(anonymous_0)
FN:8,(anonymous_1)
FNF:2
FNH:2
FNDA:9,(anonymous_0)
FNDA:4,(anonymous_1)
DA:5,2
DA:6,9
DA:8,9
DA:9,4
DA:10,2
DA:11,2
DA:12,1
DA:16,9
LF:8
LH:8
BRDA:9,0,0,2
BRDA:9,0,1,2
BRDA:11,1,0,1
BRDA:11,1,1,1
BRF:4
BRH:4
end_of_record
TN:
SF:src\components\atoms\ButtonConnect\ButtonConnect.module.css
FNF:0
FNH:0
LF:0
LH:0
BRF:0
BRH:0
end_of_record
TN:
SF:src\components\atoms\CategoryTag\CategoryTag.jsx
FN:10,(anonymous_0)
FNF:1
FNH:1
FNDA:36,(anonymous_0)
DA:3,5
DA:10,5
DA:11,36
DA:13,36
LF:4
LH:4
BRDA:11,0,0,36
BRDA:11,0,1,20
BRF:2
BRH:2
end_of_record
TN:
SF:src\components\atoms\CategoryTag\CategoryTag.module.css
FNF:0
FNH:0
LF:0
LH:0
BRF:0
BRH:0
end_of_record
TN:
SF:src\components\atoms\CornerBrackets\CornerBrackets.jsx
FN:3,CornerBrackets
FNF:1
FNH:1
FNDA:10,CornerBrackets
DA:4,10
LF:1
LH:1
BRF:0
BRH:0
end_of_record
TN:
SF:src\components\atoms\CornerBrackets\CornerBrackets.module.css
FNF:0
FNH:0
LF:0
LH:0
BRF:0
BRH:0
end_of_record
TN:
SF:src\components\atoms\CyberButton\CyberButton.jsx
FN:3,CyberButton
FNF:1
FNH:1
FNDA:25,CyberButton
DA:8,25
LF:1
LH:1
BRDA:5,0,0,25
BRF:1
BRH:1
end_of_record
TN:
SF:src\components\atoms\CyberButton\CyberButton.module.css
FNF:0
FNH:0
LF:0
LH:0
BRF:0
BRH:0
end_of_record
TN:
SF:src\components\atoms\EditableField\EditableField.jsx
FN:4,(anonymous_0)
FN:18,(anonymous_1)
FN:22,(anonymous_2)
FN:25,(anonymous_3)
FN:28,(anonymous_4)
FN:34,(anonymous_5)
FN:54,(anonymous_6)
FN:72,(anonymous_7)
FN:84,(anonymous_8)
FN:85,(anonymous_9)
FNF:10
FNH:10
FNDA:625,(anonymous_0)
FNDA:230,(anonymous_1)
FNDA:21,(anonymous_2)
FNDA:21,(anonymous_3)
FNDA:1,(anonymous_4)
FNDA:14,(anonymous_5)
FNDA:15,(anonymous_6)
FNDA:14,(anonymous_7)
FNDA:1,(anonymous_8)
FNDA:1,(anonymous_9)
DA:4,2
DA:12,625
DA:13,625
DA:14,625
DA:15,625
DA:16,625
DA:18,625
DA:19,230
DA:22,625
DA:23,21
DA:24,21
DA:25,21
DA:28,625
DA:29,1
DA:30,1
DA:31,1
DA:34,625
DA:35,14
DA:37,14
DA:38,1
DA:39,1
DA:42,13
DA:43,13
DA:44,13
DA:45,11
DA:47,2
DA:49,13
DA:50,13
DA:54,625
DA:55,15
DA:56,15
DA:59,625
DA:72,14
DA:84,1
DA:85,1
LF:35
LH:35
BRDA:8,0,0,625
BRDA:9,1,0,625
BRDA:10,2,0,625
BRDA:13,3,0,625
BRDA:13,3,1,0
BRDA:19,4,0,230
BRDA:19,4,1,0
BRDA:23,5,0,0
BRDA:23,5,1,21
BRDA:29,6,0,1
BRDA:29,6,1,0
BRDA:37,7,0,1
BRDA:37,7,1,13
BRDA:37,8,0,14
BRDA:37,8,1,0
BRDA:47,9,0,2
BRDA:47,9,1,0
BRDA:55,10,0,13
BRDA:55,10,1,2
BRDA:56,11,0,1
BRDA:56,11,1,14
BRDA:64,12,0,72
BRDA:64,12,1,553
BRDA:69,13,0,11
BRDA:69,13,1,61
BRDA:69,14,0,1
BRDA:69,14,1,10
BRDA:80,15,0,72
BRDA:80,15,1,11
BRDA:87,16,0,1
BRDA:87,16,1,10
BRDA:90,17,0,1
BRDA:90,17,1,10
BRDA:95,18,0,90
BRDA:95,18,1,463
BRDA:96,19,0,92
BRDA:96,19,1,461
BRDA:96,20,0,461
BRDA:96,20,1,2
BRDA:100,21,0,625
BRDA:100,21,1,623
BRDA:100,21,2,551
BRDA:111,22,0,625
BRDA:111,22,1,13
BRF:44
BRH:38
end_of_record
TN:
SF:src\components\atoms\EditableField\EditableField.module.css
FNF:0
FNH:0
LF:0
LH:0
BRF:0
BRH:0
end_of_record
TN:
SF:src\components\atoms\EventTag\EventTag.jsx
FN:3,EventTag
FNF:1
FNH:1
FNDA:60,EventTag
DA:4,60
LF:1
LH:1
BRF:0
BRH:0
end_of_record
TN:
SF:src\components\atoms\EventTag\EventTag.module.css
FNF:0
FNH:0
LF:0
LH:0
BRF:0
BRH:0
end_of_record
TN:
SF:src\components\atoms\Input\Input.jsx
FN:3,(anonymous_0)
FNF:1
FNH:1
FNDA:1745,(anonymous_0)
DA:3,5
DA:4,1745
LF:2
LH:2
BRDA:3,0,0,1745
BRDA:9,1,0,1745
BRDA:9,1,1,5
BRF:3
BRH:3
end_of_record
TN:
SF:src\components\atoms\Input\Input.module.css
FNF:0
FNH:0
LF:0
LH:0
BRF:0
BRH:0
end_of_record
TN:
SF:src\components\atoms\Label\Label.jsx
FN:1,(anonymous_0)
FNF:1
FNH:1
FNDA:1742,(anonymous_0)
DA:1,5
DA:2,1742
LF:2
LH:2
BRF:0
BRH:0
end_of_record
TN:
SF:src\components\atoms\LogLine\LogLine.jsx
FN:3,LogLine
FNF:1
FNH:1
FNDA:36,LogLine
DA:9,36
LF:1
LH:1
BRDA:5,0,0,36
BRDA:6,1,0,36
BRDA:7,2,0,36
BRDA:10,3,0,23
BRDA:10,3,1,13
BRDA:11,4,0,13
BRDA:11,4,1,23
BRDA:20,5,0,36
BRDA:20,5,1,3
BRF:9
BRH:9
end_of_record
TN:
SF:src\components\atoms\LogLine\LogLine.module.css
FNF:0
FNH:0
LF:0
LH:0
BRF:0
BRH:0
end_of_record
TN:
SF:src\components\atoms\Logo\Logo.jsx
FN:3,Logo
FNF:1
FNH:1
FNDA:10,Logo
DA:4,10
LF:1
LH:1
BRF:0
BRH:0
end_of_record
TN:
SF:src\components\atoms\Logo\Logo.module.css
FNF:0
FNH:0
LF:0
LH:0
BRF:0
BRH:0
end_of_record
TN:
SF:src\components\atoms\PriceTag\PriceTag.jsx
FN:3,(anonymous_0)
FNF:1
FNH:1
FNDA:63,(anonymous_0)
DA:3,5
DA:4,63
DA:6,63
LF:3
LH:3
BRDA:4,0,0,63
BRDA:4,0,1,25
BRDA:7,1,0,38
BRDA:7,1,1,25
BRDA:8,2,0,38
BRDA:8,2,1,25
BRF:6
BRH:6
end_of_record
TN:
SF:src\components\atoms\PriceTag\PriceTag.module.css
FNF:0
FNH:0
LF:0
LH:0
BRF:0
BRH:0
end_of_record
TN:
SF:src\components\atoms\ProgressBar\ProgressBar.jsx
FN:3,ProgressBar
FNF:1
FNH:1
FNDA:15,ProgressBar
DA:4,15
LF:1
LH:1
BRDA:3,0,0,15
BRF:1
BRH:1
end_of_record
TN:
SF:src\components\atoms\ProgressBar\ProgressBar.module.css
FNF:0
FNH:0
LF:0
LH:0
BRF:0
BRH:0
end_of_record
TN:
SF:src\components\atoms\RadioOption\RadioOption.jsx
FN:3,(anonymous_0)
FNF:1
FNH:1
FNDA:419,(anonymous_0)
DA:3,4
DA:4,419
LF:2
LH:2
BRF:0
BRH:0
end_of_record
TN:
SF:src\components\atoms\RadioOption\RadioOption.module.css
FNF:0
FNH:0
LF:0
LH:0
BRF:0
BRH:0
end_of_record
TN:
SF:src\components\atoms\ScrollToTop\ScrollToTop.jsx
FN:4,(anonymous_0)
FN:7,(anonymous_1)
FN:8,(anonymous_2)
FN:17,(anonymous_3)
FN:20,(anonymous_4)
FNF:5
FNH:5
FNDA:53,(anonymous_0)
FNDA:35,(anonymous_1)
FNDA:5,(anonymous_2)
FNDA:35,(anonymous_3)
FNDA:1,(anonymous_4)
DA:4,3
DA:5,53
DA:7,53
DA:8,35
DA:9,5
DA:10,3
DA:12,2
DA:16,35
DA:17,35
DA:20,53
DA:21,1
DA:27,53
DA:29,3
LF:13
LH:13
BRDA:9,0,0,3
BRDA:9,0,1,2
BRDA:27,1,0,50
BRDA:27,1,1,3
BRF:4
BRH:4
end_of_record
TN:
SF:src\components\atoms\ScrollToTop\ScrollToTop.module.css
FNF:0
FNH:0
LF:0
LH:0
BRF:0
BRH:0
end_of_record
TN:
SF:src\components\atoms\SectionLabel\SectionLabel.jsx
FN:3,SectionLabel
FNF:1
FNH:1
FNDA:6,SectionLabel
DA:4,6
LF:1
LH:1
BRF:0
BRH:0
end_of_record
TN:
SF:src\components\atoms\SectionLabel\SectionLabel.module.css
FNF:0
FNH:0
LF:0
LH:0
BRF:0
BRH:0
end_of_record
TN:
SF:src\components\atoms\Spinner\Spinner.jsx
FN:3,Spinner
FNF:1
FNH:1
FNDA:11,Spinner
DA:4,11
LF:1
LH:1
BRDA:3,0,0,11
BRF:1
BRH:1
end_of_record
TN:
SF:src\components\atoms\Spinner\Spinner.module.css
FNF:0
FNH:0
LF:0
LH:0
BRF:0
BRH:0
end_of_record
TN:
SF:src\components\atoms\StatCard\StatCard.jsx
FN:3,StatCard
FNF:1
FNH:1
FNDA:39,StatCard
DA:4,39
LF:1
LH:1
BRF:0
BRH:0
end_of_record
TN:
SF:src\components\atoms\StatCard\StatCard.module.css
FNF:0
FNH:0
LF:0
LH:0
BRF:0
BRH:0
end_of_record
TN:
SF:src\components\atoms\StatusLabel\StatusLabel.jsx
FN:3,StatusLabel
FNF:1
FNH:1
FNDA:13,StatusLabel
DA:4,13
LF:1
LH:1
BRDA:3,0,0,13
BRF:1
BRH:1
end_of_record
TN:
SF:src\components\atoms\StatusLabel\StatusLabel.module.css
FNF:0
FNH:0
LF:0
LH:0
BRF:0
BRH:0
end_of_record
TN:
SF:src\components\atoms\Tab\Tab.jsx
FN:3,(anonymous_0)
FNF:1
FNH:1
FNDA:7,(anonymous_0)
DA:3,1
DA:4,7
LF:2
LH:2
BRDA:6,0,0,1
BRDA:6,0,1,6
BRDA:11,1,0,7
BRDA:11,1,1,1
BRF:4
BRH:4
end_of_record
TN:
SF:src\components\atoms\Tab\Tab.module.css
FNF:0
FNH:0
LF:0
LH:0
BRF:0
BRH:0
end_of_record
TN:
SF:src\components\atoms\TickerItem\TickerItem.jsx
FN:3,TickerItem
FNF:1
FNH:1
FNDA:68,TickerItem
DA:4,68
LF:1
LH:1
BRF:0
BRH:0
end_of_record
TN:
SF:src\components\atoms\TickerItem\TickerItem.module.css
FNF:0
FNH:0
LF:0
LH:0
BRF:0
BRH:0
end_of_record
TN:
SF:src\components\atoms\Toast\Toast.jsx
FN:11,(anonymous_0)
FN:12,(anonymous_1)
FN:15,(anonymous_2)
FNF:3
FNH:3
FNDA:35,(anonymous_0)
FNDA:35,(anonymous_1)
FNDA:26,(anonymous_2)
DA:4,4
DA:11,4
DA:12,35
DA:13,35
DA:14,26
DA:15,26
DA:18,35
LF:7
LH:7
BRDA:11,0,0,35
BRDA:11,1,0,35
BRDA:13,2,0,9
BRDA:13,2,1,26
BRDA:13,3,0,35
BRDA:13,3,1,34
BRDA:28,4,0,35
BRDA:28,4,1,27
BRF:8
BRH:8
end_of_record
TN:
SF:src\components\atoms\Toast\Toast.module.css
FNF:0
FNH:0
LF:0
LH:0
BRF:0
BRH:0
end_of_record
TN:
SF:src\components\molecules\AttendeesList\AttendeesList.jsx
FN:8,(anonymous_0)
FN:20,(anonymous_1)
FN:33,(anonymous_2)
FN:44,(anonymous_3)
FNF:4
FNH:4
FNDA:36,(anonymous_0)
FNDA:58,(anonymous_1)
FNDA:2,(anonymous_2)
FNDA:1,(anonymous_3)
DA:6,2
DA:8,2
DA:9,36
DA:10,36
DA:11,36
DA:13,36
DA:21,58
DA:33,2
DA:44,1
LF:9
LH:9
BRDA:8,0,0,36
BRDA:8,1,0,36
BRDA:29,2,0,36
BRDA:29,2,1,7
BRF:4
BRH:4
end_of_record
TN:
SF:src\components\molecules\AttendeesList\AttendeesList.module.css
FNF:0
FNH:0
LF:0
LH:0
BRF:0
BRH:0
end_of_record
TN:
SF:src\components\molecules\AttendeesModal\AttendeesModal.jsx
FN:4,(anonymous_0)
FN:10,(anonymous_1)
FN:31,(anonymous_2)
FNF:3
FNH:3
FNDA:36,(anonymous_0)
FNDA:1,(anonymous_1)
FNDA:12,(anonymous_2)
DA:4,2
DA:5,36
DA:7,2
DA:11,1
DA:32,12
LF:5
LH:5
BRDA:4,0,0,36
BRDA:5,1,0,34
BRDA:5,1,1,2
BRDA:11,2,0,0
BRDA:11,2,1,1
BRF:5
BRH:4
end_of_record
TN:
SF:src\components\molecules\AttendeesModal\AttendeesModal.module.css
FNF:0
FNH:0
LF:0
LH:0
BRF:0
BRH:0
end_of_record
TN:
SF:src\components\molecules\BootLog\BootLog.jsx
FN:4,BootLog
FN:8,(anonymous_1)
FNF:2
FNH:2
FNDA:12,BootLog
FNDA:17,(anonymous_1)
DA:5,12
DA:9,17
LF:2
LH:2
BRDA:4,0,0,12
BRDA:4,1,0,12
BRDA:13,2,0,17
BRDA:13,2,1,11
BRF:4
BRH:4
end_of_record
TN:
SF:src\components\molecules\BootLog\BootLog.module.css
FNF:0
FNH:0
LF:0
LH:0
BRF:0
BRH:0
end_of_record
TN:
SF:src\components\molecules\CheckoutForm\CheckoutForm.jsx
FN:10,(anonymous_0)
FN:17,(anonymous_1)
FN:53,(anonymous_2)
FNF:3
FNH:3
FNDA:41,(anonymous_0)
FNDA:11,(anonymous_1)
FNDA:1,(anonymous_2)
DA:10,2
DA:11,41
DA:12,41
DA:13,41
DA:14,41
DA:15,41
DA:17,41
DA:18,11
DA:20,11
DA:21,2
DA:22,2
DA:25,9
DA:26,9
DA:28,9
DA:29,9
DA:36,8
DA:37,5
DA:38,5
DA:39,4
DA:41,1
DA:45,1
DA:46,1
DA:48,9
DA:49,9
DA:53,41
DA:54,1
DA:56,41
LF:27
LH:27
BRDA:20,0,0,2
BRDA:20,0,1,9
BRDA:20,1,0,11
BRDA:20,1,1,10
BRDA:36,2,0,5
BRDA:36,2,1,3
BRDA:38,3,0,4
BRDA:38,3,1,1
BRDA:38,4,0,5
BRDA:38,4,1,2
BRDA:62,5,0,41
BRDA:62,5,1,6
BRDA:66,6,0,41
BRDA:66,6,1,32
BRDA:66,6,2,30
BRDA:69,7,0,9
BRDA:69,7,1,32
BRF:17
BRH:17
end_of_record
TN:
SF:src\components\molecules\CheckoutForm\CheckoutForm.module.css
FNF:0
FNH:0
LF:0
LH:0
BRF:0
BRH:0
end_of_record
TN:
SF:src\components\molecules\EventCard\EventCard.jsx
FN:8,(anonymous_0)
FN:18,(anonymous_1)
FN:28,(anonymous_2)
FN:43,(anonymous_3)
FN:45,(anonymous_4)
FN:64,(anonymous_5)
FNF:6
FNH:6
FNDA:22,(anonymous_0)
FNDA:23,(anonymous_1)
FNDA:23,(anonymous_2)
FNDA:2,(anonymous_3)
FNDA:23,(anonymous_4)
FNDA:2,(anonymous_5)
DA:8,3
DA:9,22
DA:10,22
DA:11,22
DA:12,22
DA:13,22
DA:14,22
DA:15,22
DA:18,3
DA:19,23
DA:21,23
DA:25,23
DA:26,23
DA:28,23
DA:29,23
DA:32,23
DA:35,23
DA:36,5
DA:37,18
DA:38,16
DA:39,2
DA:42,23
DA:43,23
DA:45,23
DA:46,23
DA:47,7
DA:51,23
DA:58,23
DA:64,2
LF:29
LH:29
BRDA:9,0,0,0
BRDA:9,0,1,22
BRDA:14,1,0,22
BRDA:14,1,1,0
BRDA:21,2,0,22
BRDA:21,2,1,1
BRDA:22,3,0,22
BRDA:22,3,1,0
BRDA:25,4,0,23
BRDA:25,4,1,5
BRDA:26,5,0,23
BRDA:26,5,1,23
BRDA:29,6,0,23
BRDA:29,6,1,0
BRDA:32,7,0,23
BRDA:32,7,1,0
BRDA:35,8,0,5
BRDA:35,8,1,18
BRDA:35,9,0,23
BRDA:35,9,1,20
BRDA:37,10,0,16
BRDA:37,10,1,2
BRDA:37,11,0,18
BRDA:37,11,1,5
BRDA:46,12,0,16
BRDA:46,12,1,7
BRDA:47,13,0,7
BRDA:47,13,1,6
BRDA:51,14,0,23
BRDA:51,14,1,20
BRDA:51,15,0,23
BRDA:51,15,1,0
BRDA:54,16,0,20
BRDA:54,16,1,0
BRDA:60,17,0,1
BRDA:60,17,1,22
BRDA:64,18,0,2
BRDA:64,18,1,1
BRDA:67,19,0,23
BRDA:67,19,1,1
BRDA:73,20,0,23
BRDA:73,20,1,18
BRDA:89,21,0,23
BRDA:89,21,1,22
BRDA:94,22,0,23
BRDA:94,22,1,18
BRDA:94,22,2,15
BRDA:96,23,0,15
BRDA:96,23,1,1
BRDA:96,23,2,0
BRDA:100,24,0,23
BRDA:100,24,1,6
BRDA:100,24,2,6
BRF:53
BRH:45
end_of_record
TN:
SF:src\components\molecules\EventCard\EventCard.module.css
FNF:0
FNH:0
LF:0
LH:0
BRF:0
BRH:0
end_of_record
TN:
SF:src\components\molecules\EventFormModal\EventFormModal.jsx
FN:18,(anonymous_0)
FN:92,(anonymous_1)
FN:96,(anonymous_2)
FN:112,(anonymous_3)
FN:143,(anonymous_4)
FN:145,(anonymous_5)
FN:156,(anonymous_6)
FN:159,(anonymous_7)
FN:160,(anonymous_8)
FN:163,(anonymous_9)
FN:166,(anonymous_10)
FN:177,(anonymous_11)
FN:184,(anonymous_12)
FN:188,(anonymous_13)
FN:277,(anonymous_14)
FN:291,(anonymous_15)
FN:404,(anonymous_16)
FNF:17
FNH:14
FNDA:80,(anonymous_0)
FNDA:52,(anonymous_1)
FNDA:52,(anonymous_2)
FNDA:9,(anonymous_3)
FNDA:24,(anonymous_4)
FNDA:24,(anonymous_5)
FNDA:0,(anonymous_6)
FNDA:0,(anonymous_7)
FNDA:0,(anonymous_8)
FNDA:455,(anonymous_9)
FNDA:1,(anonymous_10)
FNDA:1,(anonymous_11)
FNDA:5,(anonymous_12)
FNDA:55,(anonymous_13)
FNDA:14,(anonymous_14)
FNDA:200,(anonymous_15)
FNDA:100,(anonymous_16)
DA:13,1
DA:14,1
DA:16,1
DA:18,1
DA:19,80
DA:21,80
DA:22,23
DA:23,57
DA:24,0
DA:27,80
DA:28,23
DA:31,80
DA:32,23
DA:35,80
DA:36,80
DA:38,80
DA:39,12
DA:43,68
DA:44,68
DA:45,68
DA:46,11
DA:49,80
DA:50,0
DA:51,0
DA:53,80
DA:54,23
DA:55,57
DA:56,0
DA:57,57
DA:58,0
DA:60,80
DA:61,12
DA:62,68
DA:63,0
DA:64,68
DA:65,11
DA:67,80
DA:68,12
DA:69,68
DA:70,11
DA:71,57
DA:72,0
DA:75,80
DA:78,1
DA:92,1
DA:93,52
DA:96,1
DA:97,52
DA:98,52
DA:99,52
DA:101,52
DA:102,52
DA:103,52
DA:104,52
DA:106,52
DA:107,52
DA:110,52
DA:112,52
DA:113,9
DA:114,1
DA:115,1
DA:131,1
DA:133,8
DA:134,8
DA:135,8
DA:137,9
DA:138,9
DA:141,52
DA:143,50
DA:144,24
DA:145,24
DA:146,24
DA:147,24
DA:148,4
DA:149,4
DA:152,24
DA:155,24
DA:156,0
DA:159,50
DA:160,0
DA:163,50
DA:164,455
DA:166,50
DA:167,1
DA:168,0
DA:169,0
DA:171,1
DA:172,1
DA:173,1
DA:174,1
DA:177,50
DA:178,1
DA:179,1
DA:180,1
DA:181,1
DA:184,50
DA:185,5
DA:187,5
DA:188,55
DA:190,5
DA:192,5
DA:193,5
DA:195,3
DA:196,3
DA:198,3
DA:199,3
DA:200,5
DA:201,3
DA:202,3
DA:203,3
DA:212,3
DA:214,0
DA:218,3
DA:220,3
DA:221,0
DA:222,0
DA:226,3
DA:240,5
DA:241,0
DA:242,0
DA:244,3
DA:245,1
DA:248,1
DA:249,0
DA:254,0
DA:257,1
DA:258,1
DA:260,2
DA:261,2
DA:262,2
DA:263,1
DA:265,1
DA:270,3
DA:274,50
DA:277,14
DA:292,200
DA:405,100
LF:137
LH:119
BRDA:21,0,0,23
BRDA:21,0,1,57
BRDA:23,1,0,0
BRDA:23,1,1,57
BRDA:27,2,0,23
BRDA:27,2,1,57
BRDA:31,3,0,23
BRDA:31,3,1,57
BRDA:35,4,0,23
BRDA:35,4,1,57
BRDA:36,5,0,12
BRDA:36,5,1,68
BRDA:38,6,0,12
BRDA:38,6,1,68
BRDA:40,7,0,0
BRDA:40,7,1,12
BRDA:43,8,0,68
BRDA:43,8,1,0
BRDA:45,9,0,11
BRDA:45,9,1,57
BRDA:49,10,0,0
BRDA:49,10,1,80
BRDA:50,11,0,0
BRDA:50,11,1,0
BRDA:51,12,0,0
BRDA:51,12,1,0
BRDA:53,13,0,23
BRDA:53,13,1,57
BRDA:55,14,0,0
BRDA:55,14,1,57
BRDA:57,15,0,0
BRDA:57,15,1,57
BRDA:60,16,0,12
BRDA:60,16,1,68
BRDA:62,17,0,0
BRDA:62,17,1,68
BRDA:64,18,0,11
BRDA:64,18,1,57
BRDA:67,19,0,12
BRDA:67,19,1,68
BRDA:69,20,0,11
BRDA:69,20,1,57
BRDA:71,21,0,0
BRDA:71,21,1,57
BRDA:93,22,0,52
BRDA:93,22,1,52
BRDA:93,22,2,0
BRDA:96,23,0,52
BRDA:108,24,0,2
BRDA:108,24,1,50
BRDA:113,25,0,1
BRDA:113,25,1,8
BRDA:116,26,0,1
BRDA:116,26,1,0
BRDA:117,27,0,1
BRDA:117,27,1,0
BRDA:118,28,0,1
BRDA:118,28,1,0
BRDA:119,29,0,1
BRDA:119,29,1,0
BRDA:120,30,0,1
BRDA:120,30,1,0
BRDA:121,31,0,1
BRDA:121,31,1,0
BRDA:123,32,0,1
BRDA:123,32,1,0
BRDA:124,33,0,1
BRDA:124,33,1,0
BRDA:125,34,0,1
BRDA:125,34,1,0
BRDA:127,35,0,1
BRDA:127,35,1,0
BRDA:128,36,0,1
BRDA:128,36,1,0
BRDA:129,37,0,1
BRDA:129,37,1,0
BRDA:131,38,0,1
BRDA:131,38,1,0
BRDA:141,39,0,2
BRDA:141,39,1,50
BRDA:147,40,0,4
BRDA:147,40,1,20
BRDA:147,41,0,24
BRDA:147,41,1,5
BRDA:155,42,0,0
BRDA:155,42,1,24
BRDA:164,43,0,455
BRDA:164,43,1,75
BRDA:164,43,2,435
BRDA:164,43,3,434
BRDA:167,44,0,0
BRDA:167,44,1,1
BRDA:171,45,0,0
BRDA:171,45,1,1
BRDA:178,46,0,1
BRDA:178,46,1,0
BRDA:193,47,0,2
BRDA:193,47,1,3
BRDA:199,48,0,3
BRDA:199,48,1,3
BRDA:200,49,0,3
BRDA:200,49,1,2
BRDA:204,50,0,3
BRDA:204,50,1,0
BRDA:206,51,0,3
BRDA:206,51,1,0
BRDA:207,52,0,3
BRDA:207,52,1,0
BRDA:220,53,0,0
BRDA:220,53,1,3
BRDA:220,54,0,3
BRDA:220,54,1,0
BRDA:221,55,0,0
BRDA:221,55,1,0
BRDA:221,56,0,0
BRDA:221,56,1,0
BRDA:228,57,0,3
BRDA:228,57,1,0
BRDA:232,58,0,5
BRDA:232,58,1,0
BRDA:233,59,0,3
BRDA:233,59,1,0
BRDA:235,60,0,3
BRDA:235,60,1,0
BRDA:240,61,0,0
BRDA:240,61,1,3
BRDA:248,62,0,0
BRDA:248,62,1,1
BRDA:248,63,0,1
BRDA:248,63,1,0
BRDA:262,64,0,1
BRDA:262,64,1,1
BRDA:262,65,0,2
BRDA:262,65,1,1
BRDA:277,66,0,14
BRDA:277,66,1,1
BRDA:281,67,0,2
BRDA:281,67,1,48
BRDA:284,68,0,52
BRDA:284,68,1,1
BRDA:302,69,0,52
BRDA:302,69,1,2
BRDA:318,70,0,50
BRDA:318,70,1,0
BRDA:320,71,0,50
BRDA:320,71,1,0
BRDA:347,72,0,19
BRDA:347,72,1,31
BRDA:356,73,0,52
BRDA:356,73,1,1
BRDA:392,74,0,0
BRDA:392,74,1,50
BRDA:415,75,0,52
BRDA:415,75,1,1
BRDA:445,76,0,3
BRDA:445,76,1,47
BRDA:445,77,0,2
BRDA:445,77,1,45
BRF:158
BRH:109
end_of_record
TN:
SF:src\components\molecules\EventFormModal\EventFormModal.module.css
FNF:0
FNH:0
LF:0
LH:0
BRF:0
BRH:0
end_of_record
TN:
SF:src\components\molecules\EventRow\EventRow.jsx
FN:4,(anonymous_0)
FN:20,(anonymous_1)
FN:41,(anonymous_2)
FNF:3
FNH:3
FNDA:5,(anonymous_0)
FNDA:1,(anonymous_1)
FNDA:1,(anonymous_2)
DA:4,1
DA:5,5
DA:20,1
DA:41,1
LF:4
LH:4
BRDA:6,0,0,1
BRDA:6,0,1,4
BRDA:16,1,0,5
BRDA:16,1,1,4
BRF:4
BRH:4
end_of_record
TN:
SF:src\components\molecules\EventRow\EventRow.module.css
FNF:0
FNH:0
LF:0
LH:0
BRF:0
BRH:0
end_of_record
TN:
SF:src\components\molecules\FeatureCard\FeatureCard.jsx
FN:3,FeatureCard
FNF:1
FNH:1
FNDA:15,FeatureCard
DA:4,15
LF:1
LH:1
BRF:0
BRH:0
end_of_record
TN:
SF:src\components\molecules\FeatureCard\FeatureCard.module.css
FNF:0
FNH:0
LF:0
LH:0
BRF:0
BRH:0
end_of_record
TN:
SF:src\components\molecules\FilterPanel\FilterPanel.jsx
FN:6,(anonymous_0)
FN:22,(anonymous_1)
FN:28,(anonymous_2)
FN:30,(anonymous_3)
FN:37,(anonymous_4)
FN:52,(anonymous_5)
FN:88,(anonymous_6)
FN:88,(anonymous_7)
FNF:8
FNH:8
FNDA:72,(anonymous_0)
FNDA:72,(anonymous_1)
FNDA:25,(anonymous_2)
FNDA:25,(anonymous_3)
FNDA:6,(anonymous_4)
FNDA:2,(anonymous_5)
FNDA:1,(anonymous_6)
FNDA:1,(anonymous_7)
DA:6,2
DA:7,72
DA:10,2
DA:22,2
DA:23,72
DA:24,72
DA:26,72
DA:28,57
DA:29,25
DA:30,25
DA:37,57
DA:38,6
DA:48,6
DA:49,6
DA:52,57
DA:53,2
DA:54,2
DA:55,2
DA:58,57
DA:88,1
LF:20
LH:20
BRDA:7,0,0,72
BRDA:7,0,1,72
BRDA:7,0,2,0
BRDA:26,1,0,15
BRDA:26,1,1,57
BRDA:32,2,0,7
BRDA:32,2,1,18
BRDA:33,3,0,4
BRDA:33,3,1,21
BRDA:33,4,0,25
BRDA:33,4,1,5
BRDA:39,5,0,6
BRDA:39,5,1,5
BRDA:40,6,0,6
BRDA:40,6,1,5
BRDA:41,7,0,6
BRDA:41,7,1,6
BRDA:42,8,0,6
BRDA:42,8,1,5
BRDA:43,9,0,6
BRDA:43,9,1,5
BRDA:44,10,0,1
BRDA:44,10,1,5
BRDA:44,11,0,5
BRDA:44,11,1,4
BRDA:45,12,0,1
BRDA:45,12,1,5
BRDA:45,13,0,5
BRDA:45,13,1,4
BRDA:46,14,0,6
BRDA:46,14,1,5
BRDA:84,15,0,57
BRDA:84,15,1,8
BRDA:109,16,0,72
BRDA:109,16,1,53
BRDA:168,17,0,57
BRDA:168,17,1,0
BRDA:172,18,0,57
BRDA:172,18,1,0
BRDA:180,19,0,57
BRDA:180,19,1,0
BRDA:184,20,0,57
BRDA:184,20,1,0
BRF:43
BRH:38
end_of_record
TN:
SF:src\components\molecules\FilterPanel\FilterPanel.module.css
FNF:0
FNH:0
LF:0
LH:0
BRF:0
BRH:0
end_of_record
TN:
SF:src\components\molecules\FormField\FormField.jsx
FN:5,(anonymous_0)
FNF:1
FNH:1
FNDA:1739,(anonymous_0)
DA:5,4
DA:16,1739
LF:2
LH:2
BRDA:32,0,0,1739
BRDA:32,0,1,1671
BRF:2
BRH:2
end_of_record
TN:
SF:src\components\molecules\FormField\FormField.module.css
FNF:0
FNH:0
LF:0
LH:0
BRF:0
BRH:0
end_of_record
TN:
SF:src\components\molecules\HeroContent\HeroContent.jsx
FN:4,HeroContent
FNF:1
FNH:1
FNDA:10,HeroContent
DA:5,10
LF:1
LH:1
BRF:0
BRH:0
end_of_record
TN:
SF:src\components\molecules\HeroContent\HeroContent.module.css
FNF:0
FNH:0
LF:0
LH:0
BRF:0
BRH:0
end_of_record
TN:
SF:src\components\molecules\ProgressTracker\ProgressTracker.jsx
FN:5,ProgressTracker
FNF:1
FNH:1
FNDA:11,ProgressTracker
DA:6,11
LF:1
LH:1
BRDA:5,0,0,11
BRDA:5,1,0,11
BRF:2
BRH:2
end_of_record
TN:
SF:src\components\molecules\ProgressTracker\ProgressTracker.module.css
FNF:0
FNH:0
LF:0
LH:0
BRF:0
BRH:0
end_of_record
TN:
SF:src\components\molecules\StatsStrip\StatsStrip.jsx
FN:15,StatsStrip
FN:30,(anonymous_1)
FN:31,(anonymous_2)
FN:34,(anonymous_3)
FN:35,(anonymous_4)
FN:36,(anonymous_5)
FN:83,(anonymous_6)
FNF:7
FNH:7
FNDA:9,StatsStrip
FNDA:5,(anonymous_1)
FNDA:5,(anonymous_2)
FNDA:1,(anonymous_3)
FNDA:1,(anonymous_4)
FNDA:1,(anonymous_5)
FNDA:36,(anonymous_6)
DA:8,1
DA:16,9
DA:23,9
DA:30,9
DA:31,5
DA:32,5
DA:33,5
DA:34,1
DA:35,1
DA:36,1
DA:39,4
DA:41,4
DA:42,2
DA:43,2
DA:44,1
DA:45,1
DA:46,1
DA:49,4
DA:52,5
DA:56,5
DA:63,5
DA:65,5
DA:67,5
DA:74,1
DA:78,5
DA:81,9
DA:84,36
LF:27
LH:27
BRDA:41,0,0,2
BRDA:41,0,1,2
BRDA:43,1,0,1
BRDA:43,1,1,1
BRDA:45,2,0,1
BRDA:45,2,1,0
BRDA:49,3,0,4
BRDA:49,3,1,0
BRDA:52,4,0,4
BRDA:52,4,1,0
BRDA:54,5,0,0
BRDA:54,5,1,0
BRF:12
BRH:7
end_of_record
TN:
SF:src\components\molecules\StatsStrip\StatsStrip.module.css
FNF:0
FNH:0
LF:0
LH:0
BRF:0
BRH:0
end_of_record
TN:
SF:src\components\molecules\Ticker\Ticker.jsx
FN:15,Ticker
FN:18,(anonymous_1)
FN:21,(anonymous_2)
FN:24,(anonymous_3)
FN:27,(anonymous_4)
FN:35,(anonymous_5)
FNF:6
FNH:6
FNDA:7,Ticker
FNDA:5,(anonymous_1)
FNDA:3,(anonymous_2)
FNDA:3,(anonymous_3)
FNDA:1,(anonymous_4)
FNDA:66,(anonymous_5)
DA:6,1
DA:16,7
DA:18,7
DA:19,5
DA:22,3
DA:23,3
DA:24,3
DA:30,7
DA:32,7
DA:36,66
LF:10
LH:10
BRDA:22,0,0,3
BRDA:22,0,1,2
BRDA:23,1,0,2
BRDA:23,1,1,1
BRF:4
BRH:4
end_of_record
TN:
SF:src\components\molecules\Ticker\Ticker.module.css
FNF:0
FNH:0
LF:0
LH:0
BRF:0
BRH:0
end_of_record
TN:
SF:src\components\molecules\TicketModal\TicketModal.jsx
FN:6,(anonymous_0)
FN:11,(anonymous_1)
FN:51,(anonymous_2)
FN:66,(anonymous_3)
FN:77,(anonymous_4)
FN:82,(anonymous_5)
FN:89,(anonymous_6)
FNF:7
FNH:7
FNDA:35,(anonymous_0)
FNDA:4,(anonymous_1)
FNDA:3,(anonymous_2)
FNDA:1,(anonymous_3)
FNDA:1,(anonymous_4)
FNDA:1,(anonymous_5)
FNDA:10,(anonymous_6)
DA:6,4
DA:7,35
DA:9,35
DA:11,33
DA:12,4
DA:13,4
DA:14,4
DA:15,4
DA:17,4
DA:18,4
DA:19,4
DA:21,4
DA:22,4
DA:23,4
DA:25,4
DA:26,4
DA:28,4
DA:29,4
DA:31,4
DA:32,4
DA:33,4
DA:34,4
DA:36,4
DA:37,4
DA:38,4
DA:39,4
DA:40,4
DA:41,4
DA:43,4
DA:44,4
DA:45,4
DA:47,4
DA:48,4
DA:49,4
DA:51,4
DA:52,3
DA:54,3
DA:55,3
DA:56,3
DA:59,3
DA:63,3
DA:66,4
DA:67,1
DA:68,1
DA:69,1
DA:70,1
DA:73,1
DA:77,33
DA:78,1
DA:79,1
DA:82,33
DA:83,1
DA:84,1
DA:87,33
DA:89,10
LF:55
LH:55
BRDA:9,0,0,2
BRDA:9,0,1,33
BRDA:12,1,0,4
BRDA:12,1,1,0
BRDA:13,2,0,4
BRDA:13,2,1,1
BRDA:14,3,0,4
BRDA:14,3,1,1
BRDA:98,4,0,33
BRDA:98,4,1,31
BRF:10
BRH:9
end_of_record
TN:
SF:src\components\molecules\TicketModal\TicketModal.module.css
FNF:0
FNH:0
LF:0
LH:0
BRF:0
BRH:0
end_of_record
TN:
SF:src\components\organisms\CheckoutContainer\CheckoutContainer.jsx
FN:8,(anonymous_0)
FNF:1
FNH:1
FNDA:4,(anonymous_0)
DA:6,1
DA:8,1
DA:9,4
DA:26,4
LF:4
LH:4
BRF:0
BRH:0
end_of_record
TN:
SF:src\components\organisms\CheckoutContainer\CheckoutContainer.module.css
FNF:0
FNH:0
LF:0
LH:0
BRF:0
BRH:0
end_of_record
TN:
SF:src\components\organisms\CommunityPanel\CommunityPanel.jsx
FN:11,(anonymous_0)
FN:21,(anonymous_1)
FN:25,(anonymous_2)
FN:39,(anonymous_3)
FN:46,(anonymous_4)
FN:47,(anonymous_5)
FN:50,(anonymous_6)
FN:59,(anonymous_7)
FN:73,(anonymous_8)
FN:109,(anonymous_9)
FN:117,(anonymous_10)
FN:121,(anonymous_11)
FN:131,(anonymous_12)
FNF:13
FNH:9
FNDA:17,(anonymous_0)
FNDA:17,(anonymous_1)
FNDA:9,(anonymous_2)
FNDA:7,(anonymous_3)
FNDA:1,(anonymous_4)
FNDA:8,(anonymous_5)
FNDA:0,(anonymous_6)
FNDA:0,(anonymous_7)
FNDA:1,(anonymous_8)
FNDA:4,(anonymous_9)
FNDA:3,(anonymous_10)
FNDA:0,(anonymous_11)
FNDA:0,(anonymous_12)
DA:9,1
DA:11,1
DA:12,17
DA:13,17
DA:14,17
DA:15,17
DA:16,17
DA:17,17
DA:20,17
DA:21,17
DA:22,17
DA:25,17
DA:26,9
DA:27,9
DA:29,9
DA:34,9
DA:38,9
DA:40,7
DA:41,7
DA:42,7
DA:44,7
DA:46,1
DA:47,8
DA:50,17
DA:51,0
DA:55,0
DA:56,0
DA:59,17
DA:60,0
DA:63,0
DA:66,17
DA:73,1
DA:110,4
DA:118,3
DA:121,0
DA:131,0
LF:36
LH:29
BRDA:22,0,0,17
BRDA:22,0,1,0
BRDA:31,1,0,9
BRDA:31,1,1,0
BRDA:34,2,0,0
BRDA:34,2,1,9
BRDA:41,3,0,7
BRDA:41,3,1,0
BRDA:42,4,0,7
BRDA:42,4,1,0
BRDA:53,5,0,0
BRDA:53,5,1,0
BRDA:76,6,0,17
BRDA:76,6,1,0
BRDA:87,7,0,0
BRDA:87,7,1,17
BRDA:91,8,0,17
BRDA:91,8,1,11
BRDA:93,9,0,17
BRDA:93,9,1,1
BRDA:99,10,0,17
BRDA:99,10,1,6
BRDA:99,10,2,5
BRDA:99,10,3,3
BRDA:101,11,0,0
BRDA:101,11,1,3
BRDA:107,12,0,17
BRDA:107,12,1,6
BRDA:107,12,2,5
BRDA:107,12,3,2
BRDA:115,13,0,17
BRDA:115,13,1,1
BRDA:120,14,0,1
BRDA:120,14,1,2
BRDA:123,15,0,1
BRDA:123,15,1,2
BRF:36
BRH:26
end_of_record
TN:
SF:src\components\organisms\CommunityPanel\CommunityPanel.module.css
FNF:0
FNH:0
LF:0
LH:0
BRF:0
BRH:0
end_of_record
TN:
SF:src\components\organisms\EventDetail\EventDetail.jsx
FN:18,(anonymous_0)
FN:29,(anonymous_1)
FN:32,(anonymous_2)
FN:63,(anonymous_3)
FN:79,(anonymous_4)
FN:88,(anonymous_5)
FN:91,(anonymous_6)
FN:109,(anonymous_7)
FN:114,(anonymous_8)
FN:119,(anonymous_9)
FN:121,(anonymous_10)
FN:130,(anonymous_11)
FN:138,(anonymous_12)
FN:144,(anonymous_13)
FN:165,(anonymous_14)
FN:203,(anonymous_15)
FN:230,(anonymous_16)
FN:325,(anonymous_17)
FN:338,(anonymous_18)
FN:359,(anonymous_19)
FN:370,(anonymous_20)
FN:377,(anonymous_21)
FN:385,(anonymous_22)
FNF:23
FNH:17
FNDA:37,(anonymous_0)
FNDA:25,(anonymous_1)
FNDA:58,(anonymous_2)
FNDA:24,(anonymous_3)
FNDA:6,(anonymous_4)
FNDA:22,(anonymous_5)
FNDA:22,(anonymous_6)
FNDA:22,(anonymous_7)
FNDA:22,(anonymous_8)
FNDA:22,(anonymous_9)
FNDA:0,(anonymous_10)
FNDA:0,(anonymous_11)
FNDA:22,(anonymous_12)
FNDA:4,(anonymous_13)
FNDA:3,(anonymous_14)
FNDA:2,(anonymous_15)
FNDA:102,(anonymous_16)
FNDA:2,(anonymous_17)
FNDA:1,(anonymous_18)
FNDA:0,(anonymous_19)
FNDA:0,(anonymous_20)
FNDA:0,(anonymous_21)
FNDA:0,(anonymous_22)
DA:18,1
DA:19,37
DA:20,37
DA:21,37
DA:22,37
DA:23,37
DA:24,37
DA:25,37
DA:28,1
DA:29,1
DA:30,25
DA:32,1
DA:33,58
DA:34,58
DA:35,58
DA:37,58
DA:38,58
DA:39,58
DA:40,58
DA:41,58
DA:42,58
DA:43,58
DA:45,58
DA:46,58
DA:48,58
DA:49,58
DA:51,58
DA:52,58
DA:56,58
DA:59,58
DA:61,58
DA:63,58
DA:64,24
DA:66,24
DA:67,24
DA:68,24
DA:69,24
DA:75,24
DA:76,24
DA:78,24
DA:79,15
DA:80,15
DA:83,0
DA:84,0
DA:88,58
DA:89,22
DA:91,22
DA:92,22
DA:93,22
DA:94,22
DA:95,22
DA:96,20
DA:97,20
DA:98,20
DA:101,1
DA:102,1
DA:104,21
DA:108,22
DA:109,22
DA:110,22
DA:114,58
DA:116,22
DA:117,22
DA:119,22
DA:120,22
DA:121,22
DA:122,0
DA:123,0
DA:125,0
DA:126,0
DA:130,22
DA:131,0
DA:134,22
DA:136,22
DA:138,22
DA:139,22
DA:140,22
DA:144,58
DA:145,4
DA:146,0
DA:147,0
DA:149,4
DA:150,0
DA:151,0
DA:153,4
DA:154,0
DA:155,0
DA:158,4
DA:159,3
DA:161,1
DA:165,58
DA:166,3
DA:167,3
DA:169,3
DA:170,3
DA:175,3
DA:177,3
DA:178,2
DA:186,2
DA:187,2
DA:188,2
DA:190,1
DA:196,0
DA:197,0
DA:199,3
DA:203,58
DA:204,2
DA:205,2
DA:206,2
DA:207,2
DA:208,2
DA:209,2
DA:211,0
DA:212,0
DA:214,2
DA:218,58
DA:219,36
DA:221,35
DA:224,35
DA:230,102
DA:234,58
DA:238,58
DA:325,2
DA:338,1
DA:359,0
DA:370,0
DA:377,0
DA:385,0
LF:128
LH:107
BRDA:19,0,0,0
BRDA:19,0,1,37
BRDA:24,1,0,37
BRDA:24,1,1,0
BRDA:51,2,0,58
BRDA:51,2,1,37
BRDA:52,3,0,35
BRDA:52,3,1,23
BRDA:53,4,0,35
BRDA:53,4,1,0
BRDA:56,5,0,58
BRDA:56,5,1,0
BRDA:59,6,0,58
BRDA:59,6,1,35
BRDA:61,7,0,58
BRDA:61,7,1,26
BRDA:64,8,0,0
BRDA:64,8,1,24
BRDA:69,9,0,24
BRDA:69,9,1,0
BRDA:71,10,0,0
BRDA:71,10,1,0
BRDA:76,11,0,24
BRDA:76,11,1,0
BRDA:78,12,0,15
BRDA:78,12,1,9
BRDA:80,13,0,15
BRDA:80,13,1,5
BRDA:92,14,0,0
BRDA:92,14,1,22
BRDA:96,15,0,20
BRDA:96,15,1,0
BRDA:104,16,0,21
BRDA:104,16,1,0
BRDA:125,17,0,0
BRDA:125,17,1,0
BRDA:140,18,0,22
BRDA:140,18,1,0
BRDA:145,19,0,0
BRDA:145,19,1,4
BRDA:149,20,0,0
BRDA:149,20,1,4
BRDA:153,21,0,0
BRDA:153,21,1,4
BRDA:158,22,0,3
BRDA:158,22,1,1
BRDA:177,23,0,2
BRDA:177,23,1,1
BRDA:196,24,0,0
BRDA:196,24,1,0
BRDA:211,25,0,0
BRDA:211,25,1,0
BRDA:218,26,0,22
BRDA:218,26,1,36
BRDA:219,27,0,1
BRDA:219,27,1,35
BRDA:224,28,0,34
BRDA:224,28,1,1
BRDA:224,29,0,35
BRDA:224,29,1,34
BRDA:226,30,0,34
BRDA:226,30,1,0
BRDA:230,31,0,102
BRDA:230,31,1,102
BRDA:234,32,0,35
BRDA:234,32,1,0
BRDA:247,33,0,58
BRDA:247,33,1,35
BRDA:247,33,2,35
BRDA:248,34,0,58
BRDA:248,34,1,34
BRDA:248,34,2,34
BRDA:253,35,0,58
BRDA:253,35,1,35
BRDA:256,36,0,58
BRDA:256,36,1,34
BRDA:261,37,0,58
BRDA:261,37,1,26
BRDA:261,37,2,25
BRDA:269,38,0,58
BRDA:269,38,1,0
BRDA:281,39,0,58
BRDA:281,39,1,9
BRDA:281,39,2,9
BRDA:290,40,0,58
BRDA:290,40,1,1
BRDA:296,41,0,58
BRDA:296,41,1,26
BRDA:296,41,2,1
BRDA:302,42,0,58
BRDA:302,42,1,26
BRDA:302,42,2,25
BRDA:302,42,3,16
BRDA:302,42,4,15
BRDA:305,43,0,3
BRDA:305,43,1,12
BRDA:307,44,0,1
BRDA:307,44,1,11
BRDA:311,45,0,1
BRDA:311,45,1,14
BRDA:314,46,0,15
BRDA:314,46,1,12
BRDA:318,47,0,58
BRDA:318,47,1,26
BRDA:318,47,2,25
BRDA:318,47,3,9
BRDA:321,48,0,9
BRDA:321,48,1,9
BRDA:328,49,0,2
BRDA:328,49,1,7
BRDA:344,50,0,1
BRDA:344,50,1,34
BRDA:345,51,0,1
BRDA:345,51,1,34
BRDA:346,52,0,1
BRDA:346,52,1,34
BRDA:352,53,0,58
BRDA:352,53,1,3
BRDA:363,54,0,58
BRDA:363,54,1,2
BRDA:374,55,0,58
BRDA:374,55,1,2
BRDA:381,56,0,58
BRDA:381,56,1,2
BRF:124
BRH:99
end_of_record
TN:
SF:src\components\organisms\EventDetail\EventDetail.module.css
FNF:0
FNH:0
LF:0
LH:0
BRF:0
BRH:0
end_of_record
TN:
SF:src\components\organisms\EventsSection\EventsSection.jsx
FN:7,EventsSection
FN:10,(anonymous_1)
FN:13,(anonymous_2)
FN:14,(anonymous_3)
FN:26,(anonymous_4)
FNF:5
FNH:5
FNDA:8,EventsSection
FNDA:4,(anonymous_1)
FNDA:3,(anonymous_2)
FNDA:1,(anonymous_3)
FNDA:1,(anonymous_4)
DA:8,8
DA:10,8
DA:11,4
DA:13,3
DA:14,1
DA:17,8
DA:19,1
DA:27,1
LF:8
LH:8
BRDA:13,0,0,3
BRDA:13,0,1,1
BRDA:17,1,0,7
BRDA:17,1,1,1
BRF:4
BRH:4
end_of_record
TN:
SF:src\components\organisms\EventsSection\EventsSection.module.css
FNF:0
FNH:0
LF:0
LH:0
BRF:0
BRH:0
end_of_record
TN:
SF:src\components\organisms\FeaturesSection\FeaturesSection.jsx
FN:44,FeaturesSection
FN:49,(anonymous_1)
FNF:2
FNH:2
FNDA:3,FeaturesSection
FNDA:12,(anonymous_1)
DA:5,1
DA:45,3
DA:50,12
LF:3
LH:3
BRF:0
BRH:0
end_of_record
TN:
SF:src\components\organisms\FeaturesSection\FeaturesSection.module.css
FNF:0
FNH:0
LF:0
LH:0
BRF:0
BRH:0
end_of_record
TN:
SF:src\components\organisms\Footer\Footer.jsx
FN:3,Footer
FNF:1
FNH:1
FNDA:4,Footer
DA:4,4
LF:1
LH:1
BRF:0
BRH:0
end_of_record
TN:
SF:src\components\organisms\Footer\Footer.module.css
FNF:0
FNH:0
LF:0
LH:0
BRF:0
BRH:0
end_of_record
TN:
SF:src\components\organisms\Header\Header.jsx
FN:7,Header
FN:11,(anonymous_1)
FN:19,(anonymous_2)
FN:41,(anonymous_3)
FN:49,(anonymous_4)
FN:57,(anonymous_5)
FN:65,(anonymous_6)
FN:88,(anonymous_7)
FNF:8
FNH:7
FNDA:9,Header
FNDA:9,(anonymous_1)
FNDA:1,(anonymous_2)
FNDA:9,(anonymous_3)
FNDA:9,(anonymous_4)
FNDA:9,(anonymous_5)
FNDA:9,(anonymous_6)
FNDA:0,(anonymous_7)
DA:8,9
DA:9,9
DA:11,9
DA:12,9
DA:13,2
DA:19,9
DA:20,1
DA:21,1
DA:24,9
DA:25,9
DA:27,9
DA:42,9
DA:50,9
DA:58,9
DA:66,9
DA:89,0
LF:16
LH:15
BRDA:12,0,0,7
BRDA:12,0,1,2
BRDA:12,1,0,9
BRDA:12,1,1,6
BRDA:25,2,0,9
BRDA:25,2,1,3
BRDA:42,3,0,0
BRDA:42,3,1,9
BRDA:50,4,0,0
BRDA:50,4,1,9
BRDA:58,5,0,0
BRDA:58,5,1,9
BRDA:66,6,0,0
BRDA:66,6,1,9
BRDA:74,7,0,3
BRDA:74,7,1,6
BRDA:83,8,0,2
BRDA:83,8,1,4
BRF:18
BRH:14
end_of_record
TN:
SF:src\components\organisms\Header\Header.module.css
FNF:0
FNH:0
LF:0
LH:0
BRF:0
BRH:0
end_of_record
TN:
SF:src\components\organisms\HeroSection\HeroSection.jsx
FN:4,HeroSection
FNF:1
FNH:1
FNDA:6,HeroSection
DA:5,6
LF:1
LH:1
BRF:0
BRH:0
end_of_record
TN:
SF:src\components\organisms\HeroSection\HeroSection.module.css
FNF:0
FNH:0
LF:0
LH:0
BRF:0
BRH:0
end_of_record
TN:
SF:src\components\organisms\LoadingScreen\LoadingScreen.jsx
FN:12,(anonymous_0)
FN:12,(anonymous_1)
FN:14,LoadingScreen
FN:23,(anonymous_3)
FN:29,(anonymous_4)
FN:35,(anonymous_5)
FN:36,(anonymous_6)
FN:39,(anonymous_7)
FN:42,(anonymous_8)
FNF:9
FNH:9
FNDA:2,(anonymous_0)
FNDA:1,(anonymous_1)
FNDA:8,LoadingScreen
FNDA:6,(anonymous_3)
FNDA:2,(anonymous_4)
FNDA:2,(anonymous_5)
FNDA:2,(anonymous_6)
FNDA:4,(anonymous_7)
FNDA:1,(anonymous_8)
DA:12,2
DA:15,8
DA:16,8
DA:17,8
DA:18,8
DA:19,8
DA:21,8
DA:23,8
DA:24,6
DA:26,6
DA:27,6
DA:28,6
DA:29,6
DA:30,6
DA:31,2
DA:32,2
DA:35,4
DA:36,2
DA:39,4
DA:42,8
DA:43,1
DA:46,8
LF:22
LH:22
BRDA:24,0,0,0
BRDA:24,0,1,6
BRDA:29,1,0,2
BRDA:29,1,1,4
BRDA:30,2,0,2
BRDA:30,2,1,4
BRDA:60,3,0,2
BRDA:60,3,1,6
BRF:8
BRH:7
end_of_record
TN:
SF:src\components\organisms\LoadingScreen\LoadingScreen.module.css
FNF:0
FNH:0
LF:0
LH:0
BRF:0
BRH:0
end_of_record
TN:
SF:src\components\organisms\LoginForm\LoginForm.jsx
FN:11,(anonymous_0)
FN:31,(anonymous_1)
FN:41,(anonymous_2)
FN:43,(anonymous_3)
FN:45,(anonymous_4)
FN:48,(anonymous_5)
FN:49,(anonymous_6)
FN:52,(anonymous_7)
FN:55,(anonymous_8)
FN:161,(anonymous_9)
FNF:10
FNH:8
FNDA:34,(anonymous_0)
FNDA:39,(anonymous_1)
FNDA:12,(anonymous_2)
FNDA:12,(anonymous_3)
FNDA:0,(anonymous_4)
FNDA:2,(anonymous_5)
FNDA:2,(anonymous_6)
FNDA:78,(anonymous_7)
FNDA:8,(anonymous_8)
FNDA:0,(anonymous_9)
DA:11,1
DA:12,34
DA:14,34
DA:15,10
DA:16,24
DA:17,1
DA:20,34
DA:21,10
DA:22,24
DA:23,1
DA:26,34
DA:29,1
DA:31,1
DA:32,39
DA:33,39
DA:35,39
DA:36,39
DA:37,39
DA:38,39
DA:39,39
DA:41,39
DA:42,12
DA:43,12
DA:44,12
DA:45,0
DA:48,39
DA:49,2
DA:52,39
DA:53,78
DA:55,39
DA:56,8
DA:58,8
DA:60,8
DA:61,8
DA:63,5
DA:64,5
DA:66,5
DA:67,5
DA:72,2
DA:74,2
DA:76,3
DA:78,3
DA:79,1
DA:80,2
DA:81,1
DA:83,1
DA:88,5
DA:92,39
DA:162,0
DA:163,0
LF:50
LH:47
BRDA:14,0,0,10
BRDA:14,0,1,24
BRDA:16,1,0,1
BRDA:16,1,1,23
BRDA:20,2,0,10
BRDA:20,2,1,24
BRDA:22,3,0,1
BRDA:22,3,1,23
BRDA:44,4,0,0
BRDA:44,4,1,12
BRDA:53,5,0,78
BRDA:53,5,1,26
BRDA:53,5,2,70
BRDA:53,5,3,68
BRDA:61,6,0,3
BRDA:61,6,1,5
BRDA:78,7,0,1
BRDA:78,7,1,2
BRDA:80,8,0,1
BRDA:80,8,1,1
BRDA:80,9,0,2
BRDA:80,9,1,1
BRDA:84,10,0,1
BRDA:84,10,1,0
BRDA:94,11,0,39
BRDA:94,11,1,1
BRDA:145,12,0,5
BRDA:145,12,1,34
BRDA:156,13,0,39
BRDA:156,13,1,1
BRF:30
BRH:28
end_of_record
TN:
SF:src\components\organisms\LoginForm\LoginForm.module.css
FNF:0
FNH:0
LF:0
LH:0
BRF:0
BRH:0
end_of_record
TN:
SF:src\components\organisms\MessageModal\MessageModal.jsx
FN:4,(anonymous_0)
FNF:1
FNH:1
FNDA:21,(anonymous_0)
DA:4,3
DA:14,21
LF:2
LH:2
BRDA:11,0,0,21
BRDA:12,1,0,21
BRDA:18,2,0,4
BRDA:18,2,1,17
BRDA:23,3,0,17
BRDA:23,3,1,11
BRDA:29,4,0,4
BRDA:29,4,1,17
BRDA:36,5,0,21
BRDA:36,5,1,17
BRDA:45,6,0,4
BRDA:45,6,1,17
BRDA:46,7,0,21
BRDA:46,7,1,0
BRF:14
BRH:13
end_of_record
TN:
SF:src\components\organisms\MessageModal\MessageModal.module.css
FNF:0
FNH:0
LF:0
LH:0
BRF:0
BRH:0
end_of_record
TN:
SF:src\components\organisms\Mytickets\MyTickets.jsx
FN:14,(anonymous_0)
FN:27,(anonymous_1)
FN:35,(anonymous_2)
FN:55,(anonymous_3)
FN:59,(anonymous_4)
FN:112,(anonymous_5)
FN:120,(anonymous_6)
FN:124,(anonymous_7)
FN:146,(anonymous_8)
FN:151,(anonymous_9)
FN:160,(anonymous_10)
FN:166,(anonymous_11)
FN:177,(anonymous_12)
FNF:13
FNH:13
FNDA:49,(anonymous_0)
FNDA:23,(anonymous_1)
FNDA:63,(anonymous_2)
FNDA:22,(anonymous_3)
FNDA:4,(anonymous_4)
FNDA:1,(anonymous_5)
FNDA:67,(anonymous_6)
FNDA:1,(anonymous_7)
FNDA:3,(anonymous_8)
FNDA:1,(anonymous_9)
FNDA:6,(anonymous_10)
FNDA:1,(anonymous_11)
FNDA:1,(anonymous_12)
DA:12,1
DA:14,1
DA:15,49
DA:16,49
DA:17,49
DA:18,49
DA:19,49
DA:20,49
DA:21,49
DA:23,49
DA:24,49
DA:26,49
DA:28,23
DA:29,22
DA:30,22
DA:31,22
DA:32,22
DA:33,20
DA:35,23
DA:36,63
DA:39,23
DA:40,23
DA:41,23
DA:42,23
DA:44,23
DA:46,1
DA:47,1
DA:49,21
DA:55,49
DA:56,22
DA:59,49
DA:60,4
DA:61,4
DA:62,3
DA:64,3
DA:66,3
DA:74,3
DA:76,1
DA:77,1
DA:85,1
DA:89,49
DA:90,22
DA:93,27
DA:112,1
DA:121,67
DA:124,1
DA:146,3
DA:151,1
DA:161,6
DA:166,1
DA:177,1
LF:51
LH:51
BRDA:28,0,0,1
BRDA:28,0,1,22
BRDA:33,1,0,20
BRDA:33,1,1,2
BRDA:36,2,0,63
BRDA:36,2,1,61
BRDA:40,3,0,23
BRDA:40,3,1,2
BRDA:89,4,0,22
BRDA:89,4,1,27
BRDA:89,5,0,49
BRDA:89,5,1,23
BRDA:100,6,0,27
BRDA:100,6,1,1
BRDA:106,7,0,49
BRDA:106,7,1,26
BRDA:106,7,2,25
BRDA:106,7,3,5
BRDA:117,8,0,49
BRDA:117,8,1,26
BRDA:117,8,2,25
BRDA:117,8,3,20
BRDA:134,9,0,65
BRDA:134,9,1,2
BRDA:138,10,0,67
BRDA:138,10,1,1
BRDA:158,11,0,20
BRDA:158,11,1,3
BRDA:164,12,0,3
BRDA:164,12,1,3
BRDA:168,13,0,3
BRDA:168,13,1,3
BRDA:176,14,0,49
BRDA:176,14,1,4
BRDA:176,14,2,4
BRF:35
BRH:35
end_of_record
TN:
SF:src\components\organisms\Mytickets\MyTickets.module.css
FNF:0
FNH:0
LF:0
LH:0
BRF:0
BRH:0
end_of_record
TN:
SF:src\components\organisms\PaymentSuccess\PaymentSuccess.jsx
FN:12,(anonymous_0)
FN:24,(anonymous_1)
FN:28,(anonymous_2)
FN:35,(anonymous_3)
FN:36,(anonymous_4)
FN:85,(anonymous_5)
FN:94,(anonymous_6)
FN:105,(anonymous_7)
FN:130,(anonymous_8)
FN:135,(anonymous_9)
FN:143,(anonymous_10)
FNF:11
FNH:11
FNDA:47,(anonymous_0)
FNDA:13,(anonymous_1)
FNDA:42,(anonymous_2)
FNDA:1,(anonymous_3)
FNDA:13,(anonymous_4)
FNDA:25,(anonymous_5)
FNDA:16,(anonymous_6)
FNDA:5,(anonymous_7)
FNDA:1,(anonymous_8)
FNDA:1,(anonymous_9)
FNDA:1,(anonymous_10)
DA:12,1
DA:13,47
DA:14,47
DA:15,47
DA:16,47
DA:18,47
DA:19,47
DA:20,47
DA:21,47
DA:22,47
DA:24,47
DA:25,13
DA:26,13
DA:28,13
DA:29,42
DA:30,42
DA:31,35
DA:32,42
DA:34,42
DA:35,1
DA:36,13
DA:38,42
DA:39,11
DA:40,11
DA:41,11
DA:43,11
DA:52,11
DA:53,11
DA:54,11
DA:55,11
DA:58,24
DA:59,23
DA:60,23
DA:63,23
DA:65,1
DA:66,1
DA:71,7
DA:72,7
DA:73,6
DA:74,6
DA:76,1
DA:77,1
DA:82,13
DA:85,47
DA:86,25
DA:87,25
DA:88,4
DA:90,21
DA:92,21
DA:95,16
DA:97,16
DA:98,13
DA:99,13
DA:101,3
DA:102,3
DA:106,5
DA:107,5
DA:108,5
DA:112,47
DA:113,25
DA:121,22
DA:130,1
DA:135,1
DA:143,1
LF:64
LH:64
BRDA:31,0,0,35
BRDA:31,0,1,2
BRDA:32,1,0,35
BRDA:32,1,1,0
BRDA:38,2,0,11
BRDA:38,2,1,31
BRDA:47,3,0,11
BRDA:47,3,1,11
BRDA:58,4,0,23
BRDA:58,4,1,1
BRDA:72,5,0,6
BRDA:72,5,1,1
BRDA:87,6,0,4
BRDA:87,6,1,21
BRDA:87,7,0,25
BRDA:87,7,1,22
BRDA:87,7,2,21
BRDA:87,7,3,21
BRDA:97,8,0,13
BRDA:97,8,1,3
BRDA:112,9,0,25
BRDA:112,9,1,22
BRDA:124,10,0,12
BRDA:124,10,1,10
BRDA:140,11,0,47
BRDA:140,11,1,11
BRDA:140,11,2,11
BRF:27
BRH:26
end_of_record
TN:
SF:src\components\organisms\PaymentSuccess\PaymentSuccess.module.css
FNF:0
FNH:0
LF:0
LH:0
BRF:0
BRH:0
end_of_record
TN:
SF:src\components\organisms\PrivacyPolicy\PrivacyPolicy.jsx
FN:3,(anonymous_0)
FNF:1
FNH:1
FNDA:5,(anonymous_0)
DA:3,1
DA:4,5
LF:2
LH:2
BRF:0
BRH:0
end_of_record
TN:
SF:src\components\organisms\PrivacyPolicy\PrivacyPolicy.module.css
FNF:0
FNH:0
LF:0
LH:0
BRF:0
BRH:0
end_of_record
TN:
SF:src\components\organisms\RegisterForm\RegisterForm.jsx
FN:12,(anonymous_0)
FN:44,(anonymous_1)
FN:59,(anonymous_2)
FN:60,(anonymous_3)
FN:65,(anonymous_4)
FN:67,(anonymous_5)
FN:69,(anonymous_6)
FN:72,(anonymous_7)
FN:73,(anonymous_8)
FN:76,(anonymous_9)
FN:79,(anonymous_10)
FN:90,(anonymous_11)
FN:97,(anonymous_12)
FN:267,(anonymous_13)
FN:296,(anonymous_14)
FNF:15
FNH:15
FNDA:260,(anonymous_0)
FNDA:217,(anonymous_1)
FNDA:44,(anonymous_2)
FNDA:44,(anonymous_3)
FNDA:105,(anonymous_4)
FNDA:105,(anonymous_5)
FNDA:1,(anonymous_6)
FNDA:3,(anonymous_7)
FNDA:3,(anonymous_8)
FNDA:1302,(anonymous_9)
FNDA:10,(anonymous_10)
FNDA:1,(anonymous_11)
FNDA:27,(anonymous_12)
FNDA:19,(anonymous_13)
FNDA:1,(anonymous_14)
DA:12,1
DA:13,260
DA:14,260
DA:15,260
DA:16,45
DA:17,260
DA:18,44
DA:19,216
DA:20,1
DA:22,260
DA:23,44
DA:24,216
DA:25,1
DA:27,260
DA:28,44
DA:29,216
DA:30,1
DA:32,260
DA:35,1
DA:44,1
DA:45,217
DA:46,217
DA:48,217
DA:49,217
DA:50,217
DA:51,217
DA:52,217
DA:54,217
DA:55,217
DA:56,217
DA:57,217
DA:59,217
DA:60,44
DA:61,44
DA:65,217
DA:66,105
DA:67,105
DA:68,105
DA:69,1
DA:72,217
DA:73,3
DA:76,217
DA:77,1302
DA:79,217
DA:80,10
DA:81,1
DA:82,1
DA:84,9
DA:85,9
DA:86,9
DA:87,9
DA:90,217
DA:91,1
DA:92,1
DA:93,1
DA:94,1
DA:97,217
DA:98,27
DA:99,27
DA:107,27
DA:108,27
DA:110,20
DA:111,1
DA:112,1
DA:115,19
DA:116,19
DA:118,19
DA:119,19
DA:129,27
DA:131,14
DA:136,14
DA:137,14
DA:139,27
DA:140,5
DA:141,5
DA:145,4
DA:147,5
DA:148,4
DA:152,4
DA:155,1
DA:158,14
DA:159,14
DA:161,5
DA:162,5
DA:163,5
DA:165,5
DA:166,1
DA:167,4
DA:168,0
DA:169,4
DA:170,2
DA:172,2
DA:175,19
DA:179,217
DA:267,19
DA:297,1
DA:298,1
LF:97
LH:96
BRDA:14,0,0,45
BRDA:14,0,1,215
BRDA:15,1,0,45
BRDA:15,1,1,215
BRDA:17,2,0,44
BRDA:17,2,1,216
BRDA:19,3,0,1
BRDA:19,3,1,215
BRDA:19,4,0,216
BRDA:19,4,1,215
BRDA:22,5,0,44
BRDA:22,5,1,216
BRDA:24,6,0,1
BRDA:24,6,1,215
BRDA:27,7,0,44
BRDA:27,7,1,216
BRDA:29,8,0,1
BRDA:29,8,1,215
BRDA:61,9,0,8
BRDA:61,9,1,36
BRDA:68,10,0,1
BRDA:68,10,1,104
BRDA:77,11,0,1302
BRDA:77,11,1,233
BRDA:77,11,2,1264
BRDA:77,11,3,1260
BRDA:80,12,0,1
BRDA:80,12,1,9
BRDA:84,13,0,1
BRDA:84,13,1,8
BRDA:91,14,0,1
BRDA:91,14,1,0
BRDA:108,15,0,7
BRDA:108,15,1,20
BRDA:110,16,0,1
BRDA:110,16,1,19
BRDA:122,17,0,19
BRDA:122,17,1,18
BRDA:123,18,0,27
BRDA:123,18,1,0
BRDA:137,19,0,14
BRDA:137,19,1,4
BRDA:139,20,0,5
BRDA:139,20,1,22
BRDA:139,21,0,27
BRDA:139,21,1,6
BRDA:145,22,0,4
BRDA:145,22,1,1
BRDA:147,23,0,4
BRDA:147,23,1,1
BRDA:147,24,0,5
BRDA:147,24,1,4
BRDA:163,25,0,5
BRDA:163,25,1,5
BRDA:165,26,0,1
BRDA:165,26,1,4
BRDA:165,27,0,5
BRDA:165,27,1,1
BRDA:165,27,2,1
BRDA:167,28,0,0
BRDA:167,28,1,4
BRDA:167,29,0,4
BRDA:167,29,1,2
BRDA:169,30,0,2
BRDA:169,30,1,2
BRDA:181,31,0,217
BRDA:181,31,1,2
BRDA:255,32,0,159
BRDA:255,32,1,58
BRDA:275,33,0,217
BRDA:275,33,1,1
BRDA:282,34,0,19
BRDA:282,34,1,198
BRDA:292,35,0,217
BRDA:292,35,1,12
BRF:75
BRH:72
end_of_record
TN:
SF:src\components\organisms\RegisterForm\RegisterForm.module.css
FNF:0
FNH:0
LF:0
LH:0
BRF:0
BRH:0
end_of_record
TN:
SF:src\components\organisms\UserPanel\UserPanel.jsx
FN:13,(anonymous_0)
FN:27,(anonymous_1)
FN:33,(anonymous_2)
FN:37,(anonymous_3)
FN:41,(anonymous_4)
FN:45,(anonymous_5)
FN:49,(anonymous_6)
FN:52,(anonymous_7)
FN:53,(anonymous_8)
FN:55,(anonymous_9)
FN:74,(anonymous_10)
FN:79,(anonymous_11)
FN:79,(anonymous_12)
FN:91,(anonymous_13)
FN:96,(anonymous_14)
FN:118,(anonymous_15)
FN:124,(anonymous_16)
FN:135,(anonymous_17)
FN:140,(anonymous_18)
FN:141,(anonymous_19)
FN:157,(anonymous_20)
FN:157,(anonymous_21)
FN:167,(anonymous_22)
FN:167,(anonymous_23)
FN:183,(anonymous_24)
FN:191,(anonymous_25)
FN:202,(anonymous_26)
FN:211,(anonymous_27)
FNF:28
FNH:28
FNDA:96,(anonymous_0)
FNDA:30,(anonymous_1)
FNDA:36,(anonymous_2)
FNDA:28,(anonymous_3)
FNDA:26,(anonymous_4)
FNDA:1,(anonymous_5)
FNDA:27,(anonymous_6)
FNDA:4,(anonymous_7)
FNDA:4,(anonymous_8)
FNDA:1,(anonymous_9)
FNDA:3,(anonymous_10)
FNDA:1,(anonymous_11)
FNDA:1,(anonymous_12)
FNDA:289,(anonymous_13)
FNDA:289,(anonymous_14)
FNDA:1,(anonymous_15)
FNDA:4,(anonymous_16)
FNDA:174,(anonymous_17)
FNDA:2,(anonymous_18)
FNDA:5,(anonymous_19)
FNDA:1,(anonymous_20)
FNDA:1,(anonymous_21)
FNDA:4,(anonymous_22)
FNDA:4,(anonymous_23)
FNDA:5,(anonymous_24)
FNDA:1,(anonymous_25)
FNDA:1,(anonymous_26)
FNDA:1,(anonymous_27)
DA:13,1
DA:14,96
DA:15,96
DA:16,96
DA:17,96
DA:18,96
DA:19,96
DA:21,96
DA:22,96
DA:23,96
DA:24,96
DA:25,96
DA:27,96
DA:28,30
DA:29,28
DA:33,96
DA:34,36
DA:37,96
DA:38,28
DA:39,28
DA:42,26
DA:43,26
DA:46,1
DA:47,1
DA:49,27
DA:52,96
DA:53,4
DA:54,4
DA:55,1
DA:57,3
DA:60,4
DA:67,4
DA:68,3
DA:69,3
DA:71,4
DA:74,96
DA:75,3
DA:76,3
DA:77,3
DA:78,3
DA:79,2
DA:80,2
DA:81,2
DA:83,1
DA:85,3
DA:89,96
DA:91,96
DA:92,289
DA:93,289
DA:96,96
DA:97,289
DA:98,289
DA:101,96
DA:102,96
DA:103,96
DA:108,96
DA:118,1
DA:124,4
DA:136,174
DA:140,2
DA:141,5
DA:157,1
DA:167,4
DA:183,5
DA:191,1
DA:202,1
DA:211,1
LF:67
LH:67
BRDA:28,0,0,28
BRDA:28,0,1,2
BRDA:42,1,0,26
BRDA:42,1,1,1
BRDA:43,2,0,26
BRDA:43,2,1,0
BRDA:54,3,0,1
BRDA:54,3,1,3
BRDA:55,4,0,1
BRDA:55,4,1,0
BRDA:61,5,0,1
BRDA:61,5,1,3
BRDA:67,6,0,3
BRDA:67,6,1,1
BRDA:75,7,0,0
BRDA:75,7,1,3
BRDA:92,8,0,289
BRDA:92,8,1,0
BRDA:97,9,0,289
BRDA:97,9,1,0
BRDA:101,10,0,87
BRDA:101,10,1,9
BRDA:129,11,0,34
BRDA:129,11,1,62
BRDA:134,12,0,48
BRDA:134,12,1,14
BRDA:146,13,0,11
BRDA:146,13,1,3
BRDA:153,14,0,62
BRDA:153,14,1,13
BRDA:195,15,0,96
BRDA:195,15,1,9
BRDA:207,16,0,96
BRDA:207,16,1,7
BRF:34
BRH:29
end_of_record
TN:
SF:src\components\organisms\UserPanel\UserPanel.module.css
FNF:0
FNH:0
LF:0
LH:0
BRF:0
BRH:0
end_of_record
TN:
SF:src\components\organisms\UserProfile\UserProfile.jsx
FN:14,(anonymous_0)
FN:19,(anonymous_1)
FN:31,(anonymous_2)
FN:37,(anonymous_3)
FN:65,(anonymous_4)
FN:76,(anonymous_5)
FN:100,(anonymous_6)
FN:113,(anonymous_7)
FN:149,(anonymous_8)
FN:154,(anonymous_9)
FN:160,(anonymous_10)
FN:166,(anonymous_11)
FN:171,(anonymous_12)
FN:178,(anonymous_13)
FN:186,(anonymous_14)
FN:191,(anonymous_15)
FN:203,(anonymous_16)
FN:212,(anonymous_17)
FNF:18
FNH:18
FNDA:126,(anonymous_0)
FNDA:89,(anonymous_1)
FNDA:37,(anonymous_2)
FNDA:9,(anonymous_3)
FNDA:11,(anonymous_4)
FNDA:4,(anonymous_5)
FNDA:5,(anonymous_6)
FNDA:2,(anonymous_7)
FNDA:4,(anonymous_8)
FNDA:1,(anonymous_9)
FNDA:1,(anonymous_10)
FNDA:1,(anonymous_11)
FNDA:1,(anonymous_12)
FNDA:1,(anonymous_13)
FNDA:1,(anonymous_14)
FNDA:4,(anonymous_15)
FNDA:1,(anonymous_16)
FNDA:1,(anonymous_17)
DA:14,1
DA:15,126
DA:16,14
DA:19,1
DA:20,89
DA:21,89
DA:23,89
DA:24,89
DA:27,89
DA:28,89
DA:29,89
DA:31,89
DA:32,37
DA:35,89
DA:37,88
DA:38,9
DA:39,9
DA:49,9
DA:50,8
DA:52,8
DA:60,1
DA:61,1
DA:65,88
DA:66,11
DA:67,1
DA:68,1
DA:70,10
DA:71,10
DA:72,10
DA:73,10
DA:76,88
DA:77,4
DA:78,4
DA:87,4
DA:88,3
DA:90,3
DA:91,1
DA:92,3
DA:93,3
DA:94,3
DA:96,1
DA:100,88
DA:101,5
DA:102,5
DA:103,5
DA:104,4
DA:105,4
DA:106,4
DA:107,4
DA:109,1
DA:113,88
DA:114,2
DA:115,2
DA:116,1
DA:117,1
DA:118,1
DA:120,1
DA:124,88
DA:149,4
DA:154,1
DA:160,1
DA:166,1
DA:171,1
DA:178,1
DA:186,1
DA:191,4
DA:203,1
DA:212,1
LF:68
LH:68
BRDA:15,0,0,112
BRDA:15,0,1,14
BRDA:35,1,0,1
BRDA:35,1,1,88
BRDA:40,2,0,4
BRDA:40,2,1,5
BRDA:41,3,0,1
BRDA:41,3,1,8
BRDA:42,4,0,1
BRDA:42,4,1,8
BRDA:42,5,0,8
BRDA:42,5,1,0
BRDA:43,6,0,1
BRDA:43,6,1,8
BRDA:43,7,0,8
BRDA:43,7,1,0
BRDA:44,8,0,1
BRDA:44,8,1,8
BRDA:45,9,0,9
BRDA:45,9,1,9
BRDA:46,10,0,1
BRDA:46,10,1,8
BRDA:54,11,0,1
BRDA:54,11,1,7
BRDA:66,12,0,1
BRDA:66,12,1,10
BRDA:70,13,0,1
BRDA:70,13,1,9
BRDA:81,14,0,4
BRDA:81,14,1,0
BRDA:82,15,0,4
BRDA:82,15,1,0
BRDA:90,16,0,1
BRDA:90,16,1,2
BRDA:101,17,0,0
BRDA:101,17,1,5
BRDA:131,18,0,88
BRDA:131,18,1,1
BRDA:136,19,0,89
BRDA:136,19,1,20
BRDA:196,20,0,89
BRDA:196,20,1,9
BRDA:207,21,0,89
BRDA:207,21,1,19
BRF:44
BRH:39
end_of_record
TN:
SF:src\components\organisms\UserProfile\UserProfile.module.css
FNF:0
FNH:0
LF:0
LH:0
BRF:0
BRH:0
end_of_record
TN:
SF:src\context\auth\AuthContext.jsx
FNF:0
FNH:0
DA:3,13
LF:1
LH:1
BRF:0
BRH:0
end_of_record
TN:
SF:src\context\auth\AuthProvider.jsx
FN:4,(anonymous_0)
FN:5,(anonymous_1)
FN:15,(anonymous_2)
FN:31,(anonymous_3)
FN:37,(anonymous_4)
FNF:5
FNH:5
FNDA:14,(anonymous_0)
FNDA:9,(anonymous_1)
FNDA:3,(anonymous_2)
FNDA:1,(anonymous_3)
FNDA:1,(anonymous_4)
DA:4,1
DA:5,14
DA:6,9
DA:7,9
DA:8,9
DA:10,1
DA:11,1
DA:15,14
DA:16,3
DA:18,3
DA:23,3
DA:24,3
DA:25,2
DA:28,3
DA:31,14
DA:32,1
DA:33,1
DA:34,1
DA:37,14
DA:38,1
DA:40,1
DA:41,0
DA:44,1
DA:45,1
DA:46,1
DA:49,14
LF:26
LH:25
BRDA:8,0,0,5
BRDA:8,0,1,4
BRDA:16,1,0,3
BRDA:16,1,1,1
BRDA:16,1,2,0
BRDA:24,2,0,2
BRDA:24,2,1,1
BRDA:40,3,0,0
BRDA:40,3,1,1
BRDA:40,4,0,1
BRDA:40,4,1,0
BRF:11
BRH:8
end_of_record
TN:
SF:src\router\ProtectedRoute.jsx
FN:4,ProtectedRoute
FNF:1
FNH:1
FNDA:3,ProtectedRoute
DA:5,3
DA:7,3
DA:9,1
LF:3
LH:3
BRDA:7,0,0,2
BRDA:7,0,1,1
BRF:2
BRH:2
end_of_record
TN:
SF:src\router\navigator.js
FN:5,(anonymous_0)
FN:9,(anonymous_1)
FN:14,(anonymous_2)
FNF:3
FNH:2
FNDA:5,(anonymous_0)
FNDA:3,(anonymous_1)
FNDA:0,(anonymous_2)
DA:3,1
DA:5,1
DA:6,5
DA:9,1
DA:10,3
DA:11,1
DA:14,0
LF:7
LH:6
BRDA:10,0,0,2
BRDA:10,0,1,1
BRF:2
BRH:2
end_of_record
TN:
SF:src\utils\dateFormatter.js
FN:1,(anonymous_0)
FN:14,(anonymous_1)
FN:25,(anonymous_2)
FNF:3
FNH:3
FNDA:32,(anonymous_0)
FNDA:3,(anonymous_1)
FNDA:5,(anonymous_2)
DA:1,3
DA:2,32
DA:4,29
DA:5,29
DA:6,29
DA:7,29
DA:9,29
DA:11,32
DA:14,3
DA:15,3
DA:17,1
DA:18,1
DA:19,1
DA:20,1
DA:22,1
DA:25,3
DA:26,5
DA:27,2
LF:18
LH:18
BRDA:2,0,0,3
BRDA:2,0,1,29
BRDA:9,1,0,16
BRDA:9,1,1,13
BRDA:15,2,0,2
BRDA:15,2,1,1
BRDA:26,3,0,3
BRDA:26,3,1,2
BRF:8
BRH:8
end_of_record
